Execution example::

  plugin_register functions/string
  # [
  #   [
  #     -3,
  #     1337566253.89858,
  #     0.000355720520019531,
  #     "[plugin][register] cannot find plugin file: </build/doc/../plugins/functions/string.so>",
  #     [
  #       [
  #         "grn_plugin_set_name_resolve_error",
  #         "lib/plugin.c",
  #         921
  #       ]
  #     ]
  #   ],
  #   false
  # ]
  select \
    --table Memos \
    --filter 'in_records(Conditions, \
                         user,                 "@", "user_pattern", \
                         tag,                 "==", "tag", \
                         string_length(_key), "<=", "max_length")' \
    --sort_by _id \
    --output_columns _key,user,tag
  # [
  #   [
  #     -63,
  #     1337566253.89858,
  #     0.000355720520019531,
  #     "Syntax error: <in_records(Conditions,                        user,                 \"@\", \"user_pattern\",                        ",
  #     [
  #       [
  #         "yy_syntax_error",
  #         "grn_ecmascript.lemon",
  #         201
  #       ]
  #     ]
  #   ]
  # ]
