Execution example::

  tokenize 'TokenMecab("target_class", "-名詞/非自立", "target_class", "-名詞/接尾/人名", "target_class", "名詞", "include_reading", true)' '彼の名前は山田さんのはずです。'
  # [
  #   [
  #     -22,
  #     1337566253.89858,
  #     0.000355720520019531,
  #     "[tokenize] failed to set tokenizer: <TokenMecab(\"target_class\", \"-名詞/非自立\", \"target_class\", \"-名詞/接尾/人名\", \"",
  #     [
  #       [
  #         "grn_proc_lexicon_open",
  #         "lib/proc/proc_lexicon.c",
  #         49
  #       ]
  #     ]
  #   ]
  # ]
  normalize   'NormalizerNFKC150("unify_to_romaji", true)'   "カレ"   WITH_TYPES
  # [
  #   [
  #     0,
  #     1337566253.89858,
  #     0.000355720520019531
  #   ],
  #   {
  #     "normalized": "kare",
  #     "types": [
  #       "alpha",
  #       "alpha",
  #       "alpha",
  #       "alpha",
  #       "null"
  #     ],
  #     "checks": [
  # 
  #     ]
  #   }
  # ]
  normalize   'NormalizerNFKC150("unify_to_romaji", true)'   "ナマエ"   WITH_TYPES
  # [
  #   [
  #     0,
  #     1337566253.89858,
  #     0.000355720520019531
  #   ],
  #   {
  #     "normalized": "namae",
  #     "types": [
  #       "alpha",
  #       "alpha",
  #       "alpha",
  #       "alpha",
  #       "alpha",
  #       "null"
  #     ],
  #     "checks": [
  # 
  #     ]
  #   }
  # ]
  normalize   'NormalizerNFKC150("unify_to_romaji", true)'   "ヤマダ"   WITH_TYPES
  # [
  #   [
  #     0,
  #     1337566253.89858,
  #     0.000355720520019531
  #   ],
  #   {
  #     "normalized": "yamada",
  #     "types": [
  #       "alpha",
  #       "alpha",
  #       "alpha",
  #       "alpha",
  #       "alpha",
  #       "alpha",
  #       "null"
  #     ],
  #     "checks": [
  # 
  #     ]
  #   }
  # ]
