Execution example::

  plugin_register functions/vector
  # [
  #   [
  #     -3,
  #     1337566253.89858,
  #     0.000355720520019531,
  #     "[plugin][register] cannot find plugin file: </build/doc/../plugins/functions/vector.so>",
  #     [
  #       [
  #         "grn_plugin_set_name_resolve_error",
  #         "lib/plugin.c",
  #         921
  #       ]
  #     ]
  #   ],
  #   false
  # ]
  logical_count \
    --logical_table Entries \
    --shard_key created_at \
    --columns[vector].stage initial \
    --columns[vector].flags COLUMN_VECTOR \
    --columns[vector].type UInt32 \
    --columns[vector].value 'vector_new(1, 2, 3)' \
    --filter 'vector_size(vector) > 2'
  # [
  #   [
  #     -63,
  #     1337566253.89858,
  #     0.000355720520019531,
  #     "syntax error: <Syntax error: <vector_new|(|1, 2, 3)>: [expr][parse] unknown identifier: <vector_new>>(-63)",
  #     [
  #       [
  #         "unref",
  #         "lib/groonga/plugins/sharding/logical_enumerator.rb",
  #         175
  #       ]
  #     ]
  #   ]
  # ]
