Execution example::

  plugin_register functions/math
  # [
  #   [
  #     -3,
  #     1337566253.89858,
  #     0.000355720520019531,
  #     "[plugin][register] cannot find plugin file: </build/doc/../plugins/functions/math.so>",
  #     [
  #       [
  #         "grn_plugin_set_name_resolve_error",
  #         "lib/plugin.c",
  #         921
  #       ]
  #     ]
  #   ],
  #   false
  # ]
  table_create Shops TABLE_HASH_KEY ShortText
  # [[0,1337566253.89858,0.000355720520019531],true]
  column_create Shops from_station COLUMN_SCALAR Int32
  # [[0,1337566253.89858,0.000355720520019531],true]
  column_create Shops from_office COLUMN_SCALAR Int32
  # [[0,1337566253.89858,0.000355720520019531],true]
