Execution example::

  select Comments --filter 'last_modified<=1268802000' --output_columns posted_by.name,comment,last_modified --drilldown hash_tags,posted_by
  # [
  #   [
  #     0,
  #     1337566253.89858,
  #     0.000355720520019531
  #   ],
  #   [
  #     [
  #       [
  #         0
  #       ],
  #       [
  #         [
  #           "posted_by.name",
  #           "ShortText"
  #         ],
  #         [
  #           "comment",
  #           "ShortText"
  #         ],
  #         [
  #           "last_modified",
  #           "Time"
  #         ]
  #       ]
  #     ],
  #     [
  #       [
  #         0
  #       ],
  #       [
  #         [
  #           "_key",
  #           "ShortText"
  #         ],
  #         [
  #           "_nsubrecs",
  #           "Int32"
  #         ]
  #       ]
  #     ],
  #     [
  #       [
  #         0
  #       ],
  #       [
  #         [
  #           "_key",
  #           "ShortText"
  #         ],
  #         [
  #           "_nsubrecs",
  #           "Int32"
  #         ]
  #       ]
  #     ]
  #   ]
  # ]
