Execution example::

  plugin_register functions/string
  # [
  #   [
  #     -3,
  #     1337566253.89858,
  #     0.000355720520019531,
  #     "[plugin][register] cannot find plugin file: </build/doc/../plugins/functions/string.so>",
  #     [
  #       [
  #         "grn_plugin_set_name_resolve_error",
  #         "lib/plugin.c",
  #         921
  #       ]
  #     ]
  #   ],
  #   false
  # ]
  select Entries \
    --columns[content_length].stage initial \
    --columns[content_length].type UInt32 \
    --columns[content_length].value 'string_length(content)' \
    --output_columns _id,content,content_length
  # [
  #   [
  #     -22,
  #     1337566253.89858,
  #     0.000355720520019531,
  #     "[select][columns][initial][content_length] failed to parse value: <string_length(content)>: Syntax error: <string_length|(|cont",
  #     [
  #       [
  #         "grn_select_apply_dynamic_column",
  #         "lib/proc/proc_select.cpp",
  #         2754
  #       ]
  #     ]
  #   ]
  # ]
