Execution example::

  plugin_register functions/number
  # [
  #   [
  #     -3,
  #     1337566253.89858,
  #     0.000355720520019531,
  #     "[plugin][register] cannot find plugin file: </build/doc/../plugins/functions/number.so>",
  #     [
  #       [
  #         "grn_plugin_set_name_resolve_error",
  #         "lib/plugin.c",
  #         921
  #       ]
  #     ]
  #   ],
  #   false
  # ]
  select \
    --table Entries \
    --columns[n_likes_class].stage initial \
    --columns[n_likes_class].type UInt32 \
    --columns[n_likes_class].value 'number_classify(n_likes, 10)' \
    --drilldown n_likes_class \
    --drilldown_sort_keys _nsubrecs \
    --output_columns n_likes,n_likes_class
  # [
  #   [
  #     -22,
  #     1337566253.89858,
  #     0.000355720520019531,
  #     "[select][columns][initial][n_likes_class] failed to parse value: <number_classify(n_likes, 10)>: Syntax error: <number_classify",
  #     [
  #       [
  #         "grn_select_apply_dynamic_column",
  #         "lib/proc/proc_select.cpp",
  #         2754
  #       ]
  #     ]
  #   ]
  # ]
